[    0.000000] Linux version 4.15.0-194-generic (buildd@lcy02-amd64-052) (gcc version 7.5.0 (Ubuntu 7.5.0-3ubuntu1~18.04)) #205-Ubuntu SMP Fri Sep 16 19:49:27 UTC 2022 (Ubuntu 4.15.0-194.205-generic 4.15.18)
[    0.000000] Command line: BOOT_IMAGE=/boot/vmlinuz-4.15.0-194-generic root=LABEL=cloudimg-rootfs ro console=tty1 console=ttyS0
[    0.000000] KERNEL supported cpus:
[    0.000000]   Intel GenuineIntel
[    0.000000]   AMD AuthenticAMD
[    0.000000]   Centaur CentaurHauls
[    0.000000] x86/fpu: Supporting XSAVE feature 0x001: 'x87 floating point registers'
[    0.000000] x86/fpu: Supporting XSAVE feature 0x002: 'SSE registers'
[    0.000000] x86/fpu: Supporting XSAVE feature 0x004: 'AVX registers'
[    0.000000] x86/fpu: xstate_offset[2]:  576, xstate_sizes[2]:  256
[    0.000000] x86/fpu: Enabled xstate features 0x7, context size is 832 bytes, using 'standard' format.
[    0.000000] e820: BIOS-provided physical RAM map:
[    0.000000] BIOS-e820: [mem 0x0000000000000000-0x000000000009fbff] usable
[    0.000000] BIOS-e820: [mem 0x000000000009fc00-0x000000000009ffff] reserved
[    0.000000] BIOS-e820: [mem 0x00000000000f0000-0x00000000000fffff] reserved
[    0.000000] BIOS-e820: [mem 0x0000000000100000-0x000000003ffeffff] usable
[    0.000000] BIOS-e820: [mem 0x000000003fff0000-0x000000003fffffff] ACPI data
[    0.000000] BIOS-e820: [mem 0x00000000fec00000-0x00000000fec00fff] reserved
[    0.000000] BIOS-e820: [mem 0x00000000fee00000-0x00000000fee00fff] reserved
[    0.000000] BIOS-e820: [mem 0x00000000fffc0000-0x00000000ffffffff] reserved
[    0.000000] NX (Execute Disable) protection: active
[    0.000000] SMBIOS 2.5 present.
[    0.000000] DMI: innotek GmbH VirtualBox/VirtualBox, BIOS VirtualBox 12/01/2006
[    0.000000] Hypervisor detected: KVM
[    0.000000] e820: last_pfn = 0x3fff0 max_arch_pfn = 0x400000000
[    0.000000] MTRR: Disabled
[    0.000000] x86/PAT: MTRRs disabled, skipping PAT initialization too.
[    0.000000] CPU MTRRs all blank - virtualized system.
[    0.000000] x86/PAT: Configuration [0-7]: WB  WT  UC- UC  WB  WT  UC- UC  
[    0.000000] found SMP MP-table at [mem 0x0009fff0-0x0009ffff]
[    0.000000] Scanning 1 areas for low memory corruption
[    0.000000] RAMDISK: [mem 0x359cb000-0x36cdcfff]
[    0.000000] ACPI: Early table checksum verification disabled
[    0.000000] ACPI: RSDP 0x00000000000E0000 000024 (v02 VBOX  )
[    0.000000] ACPI: XSDT 0x000000003FFF0030 00003C (v01 VBOX   VBOXXSDT 00000001 ASL  00000061)
[    0.000000] ACPI: FACP 0x000000003FFF00F0 0000F4 (v04 VBOX   VBOXFACP 00000001 ASL  00000061)
[    0.000000] ACPI: DSDT 0x000000003FFF0470 002325 (v02 VBOX   VBOXBIOS 00000002 INTL 20120111)
[    0.000000] ACPI: FACS 0x000000003FFF0200 000040
[    0.000000] ACPI: FACS 0x000000003FFF0200 000040
[    0.000000] ACPI: APIC 0x000000003FFF0240 00005C (v02 VBOX   VBOXAPIC 00000001 ASL  00000061)
[    0.000000] ACPI: SSDT 0x000000003FFF02A0 0001CC (v01 VBOX   VBOXCPUT 00000002 INTL 20120111)
[    0.000000] ACPI: Reserving FACP table memory at [mem 0x3fff00f0-0x3fff01e3]
[    0.000000] ACPI: Reserving DSDT table memory at [mem 0x3fff0470-0x3fff2794]
[    0.000000] ACPI: Reserving FACS table memory at [mem 0x3fff0200-0x3fff023f]
[    0.000000] ACPI: Reserving FACS table memory at [mem 0x3fff0200-0x3fff023f]
[    0.000000] ACPI: Reserving APIC table memory at [mem 0x3fff0240-0x3fff029b]
[    0.000000] ACPI: Reserving SSDT table memory at [mem 0x3fff02a0-0x3fff046b]
[    0.000000] No NUMA configuration found
[    0.000000] Faking a node at [mem 0x0000000000000000-0x000000003ffeffff]
[    0.000000] NODE_DATA(0) allocated [mem 0x3ffc5000-0x3ffeffff]
[    0.000000] kvm-clock: cpu 0, msr 0:3ff44001, primary cpu clock
[    0.000000] kvm-clock: Using msrs 4b564d01 and 4b564d00
[    0.000000] kvm-clock: using sched offset of 8265451547 cycles
[    0.000000] clocksource: kvm-clock: mask: 0xffffffffffffffff max_cycles: 0x1cd42e4dffb, max_idle_ns: 881590591483 ns
[    0.000000] Zone ranges:
[    0.000000]   DMA      [mem 0x0000000000001000-0x0000000000ffffff]
[    0.000000]   DMA32    [mem 0x0000000001000000-0x000000003ffeffff]
[    0.000000]   Normal   empty
[    0.000000]   Device   empty
[    0.000000] Movable zone start for each node
[    0.000000] Early memory node ranges
[    0.000000]   node   0: [mem 0x0000000000001000-0x000000000009efff]
[    0.000000]   node   0: [mem 0x0000000000100000-0x000000003ffeffff]
[    0.000000] Reserved but unavailable: 104 pages
[    0.000000] Initmem setup node 0 [mem 0x0000000000001000-0x000000003ffeffff]
[    0.000000] ACPI: PM-Timer IO Port: 0x4008
[    0.000000] IOAPIC[0]: apic_id 2, version 32, address 0xfec00000, GSI 0-23
[    0.000000] ACPI: INT_SRC_OVR (bus 0 bus_irq 0 global_irq 2 dfl dfl)
[    0.000000] ACPI: INT_SRC_OVR (bus 0 bus_irq 9 global_irq 9 low level)
[    0.000000] Using ACPI (MADT) for SMP configuration information
[    0.000000] smpboot: Allowing 2 CPUs, 0 hotplug CPUs
[    0.000000] PM: Registered nosave memory: [mem 0x00000000-0x00000fff]
[    0.000000] PM: Registered nosave memory: [mem 0x0009f000-0x0009ffff]
[    0.000000] PM: Registered nosave memory: [mem 0x000a0000-0x000effff]
[    0.000000] PM: Registered nosave memory: [mem 0x000f0000-0x000fffff]
[    0.000000] e820: [mem 0x40000000-0xfebfffff] available for PCI devices
[    0.000000] Booting paravirtualized kernel on KVM
[    0.000000] clocksource: refined-jiffies: mask: 0xffffffff max_cycles: 0xffffffff, max_idle_ns: 7645519600211568 ns
[    0.000000] setup_percpu: NR_CPUS:8192 nr_cpumask_bits:2 nr_cpu_ids:2 nr_node_ids:1
[    0.000000] percpu: Embedded 50 pages/cpu s167936 r8192 d28672 u1048576
[    0.000000] PV qspinlock hash table entries: 256 (order: 0, 4096 bytes)
[    0.000000] Built 1 zonelists, mobility grouping on.  Total pages: 257913
[    0.000000] Policy zone: DMA32
[    0.000000] Kernel command line: BOOT_IMAGE=/boot/vmlinuz-4.15.0-194-generic root=LABEL=cloudimg-rootfs ro console=tty1 console=ttyS0
[    0.000000] Memory: 982652K/1048120K available (12300K kernel code, 2477K rwdata, 4320K rodata, 2472K init, 2720K bss, 65468K reserved, 0K cma-reserved)
[    0.000000] SLUB: HWalign=64, Order=0-3, MinObjects=0, CPUs=2, Nodes=1
[    0.000000] Kernel/User page tables isolation: enabled
[    0.000000] ftrace: allocating 39477 entries in 155 pages
[    0.004000] Hierarchical RCU implementation.
[    0.004000] 	RCU restricting CPUs from NR_CPUS=8192 to nr_cpu_ids=2.
[    0.004000] 	Tasks RCU enabled.
[    0.004000] RCU: Adjusting geometry for rcu_fanout_leaf=16, nr_cpu_ids=2
[    0.004000] NR_IRQS: 524544, nr_irqs: 440, preallocated irqs: 16
[    0.004000] random: crng init done
[    0.004000] Console: colour VGA+ 80x25
[    0.004000] console [tty1] enabled
[    0.004000] console [ttyS0] enabled
[    0.004000] ACPI: Core revision 20170831
[    0.004000] ACPI: 2 ACPI AML tables successfully acquired and loaded
[    0.004000] APIC: Switch to symmetric I/O mode setup
[    0.004000] x2apic enabled
[    0.004000] Switched APIC routing to physical x2apic.
[    0.008000] ..TIMER: vector=0x30 apic1=0 pin1=2 apic2=-1 pin2=-1
[    0.008007] tsc: Detected 1607.999 MHz processor
[    0.009745] Calibrating delay loop (skipped) preset value.. 3215.99 BogoMIPS (lpj=6431996)
[    0.012005] pid_max: default: 32768 minimum: 301
[    0.016044] Security Framework initialized
[    0.017542] Yama: becoming mindful.
[    0.018980] AppArmor: AppArmor initialized
[    0.021657] Dentry cache hash table entries: 131072 (order: 8, 1048576 bytes)
[    0.024092] Inode-cache hash table entries: 65536 (order: 7, 524288 bytes)
[    0.028049] Mount-cache hash table entries: 2048 (order: 2, 16384 bytes)
[    0.031682] Mountpoint-cache hash table entries: 2048 (order: 2, 16384 bytes)
[    0.032350] Last level iTLB entries: 4KB 64, 2MB 8, 4MB 8
[    0.036008] Last level dTLB entries: 4KB 64, 2MB 0, 4MB 0, 1GB 4
[    0.040013] Spectre V1 : Mitigation: usercopy/swapgs barriers and __user pointer sanitization
[    0.044010] Spectre V2 : Mitigation: Retpolines
[    0.048005] Spectre V2 : Spectre v2 / SpectreRSB mitigation: Filling RSB on context switch
[    0.052007] Speculative Store Bypass: Vulnerable
[    0.056145] MDS: Mitigation: Clear CPU buffers
[    0.057980] MMIO Stale Data: Mitigation: Clear CPU buffers
[    0.060008] SRBDS: Unknown: Dependent on hypervisor status
[    0.061786] Freeing SMP alternatives memory: 36K
[    0.175285] smpboot: CPU0: Intel(R) Core(TM) i5-8210Y CPU @ 1.60GHz (family: 0x6, model: 0x8e, stepping: 0x9)
[    0.176000] Performance Events: unsupported p6 CPU model 142 no PMU driver, software events only.
[    0.176098] Hierarchical SRCU implementation.
[    0.180980] NMI watchdog: Perf event create on CPU 0 failed with -2
[    0.184008] NMI watchdog: Perf NMI watchdog permanently disabled
[    0.188196] smp: Bringing up secondary CPUs ...
[    0.192184] x86: Booting SMP configuration:
[    0.196008] .... node  #0, CPUs:      #1
[    0.004000] kvm-clock: cpu 1, msr 0:3ff44041, secondary cpu clock
[    0.210630] smp: Brought up 1 node, 2 CPUs
[    0.212012] smpboot: Max logical packages: 1
[    0.214955] smpboot: Total of 2 processors activated (6431.99 BogoMIPS)
[    0.220085] devtmpfs: initialized
[    0.224130] x86/mm: Memory block size: 128MB
[    0.228548] evm: security.selinux
[    0.232007] evm: security.SMACK64
[    0.236009] evm: security.SMACK64EXEC
[    0.240010] evm: security.SMACK64TRANSMUTE
[    0.244010] evm: security.SMACK64MMAP
[    0.248008] evm: security.apparmor
[    0.252009] evm: security.ima
[    0.253855] evm: security.capability
[    0.256384] clocksource: jiffies: mask: 0xffffffff max_cycles: 0xffffffff, max_idle_ns: 7645041785100000 ns
[    0.260028] futex hash table entries: 512 (order: 3, 32768 bytes)
[    0.264096] pinctrl core: initialized pinctrl subsystem
[    0.272112] RTC time: 15:49:29, date: 10/27/22
[    0.282029] NET: Registered protocol family 16
[    0.288503] audit: initializing netlink subsys (disabled)
[    0.296629] audit: type=2000 audit(1666885778.508:1): state=initialized audit_enabled=0 res=1
[    0.304174] cpuidle: using governor ladder
[    0.308026] cpuidle: using governor menu
[    0.312098] ACPI: bus type PCI registered
[    0.316021] acpiphp: ACPI Hot Plug PCI Controller Driver version: 0.5
[    0.320607] PCI: Using configuration type 1 for base access
[    0.329669] HugeTLB registered 2.00 MiB page size, pre-allocated 0 pages
[    0.336510] ACPI: Added _OSI(Module Device)
[    0.340071] ACPI: Added _OSI(Processor Device)
[    0.344027] ACPI: Added _OSI(3.0 _SCP Extensions)
[    0.352014] ACPI: Added _OSI(Processor Aggregator Device)
[    0.356022] ACPI: Added _OSI(Linux-Dell-Video)
[    0.360105] ACPI: Added _OSI(Linux-Lenovo-NV-HDMI-Audio)
[    0.364013] ACPI: Added _OSI(Linux-HPI-Hybrid-Graphics)
[    0.368934] ACPI: Executed 1 blocks of module-level executable AML code
[    0.418476] ACPI: Interpreter enabled
[    0.420040] ACPI: (supports S0 S5)
[    0.424010] ACPI: Using IOAPIC for interrupt routing
[    0.432584] PCI: Using host bridge windows from ACPI; if necessary, use "pci=nocrs" and report a bug
[    0.436792] ACPI: Enabled 2 GPEs in block 00 to 07
[    0.473080] ACPI: PCI Root Bridge [PCI0] (domain 0000 [bus 00-ff])
[    0.476028] acpi PNP0A03:00: _OSC: OS supports [ASPM ClockPM Segments MSI]
[    0.481670] acpi PNP0A03:00: _OSC: not requesting OS control; OS requires [ExtendedConfig ASPM ClockPM MSI]
[    0.484038] acpi PNP0A03:00: fail to add MMCONFIG information, can't access extended PCI configuration space under this bridge.
[    0.493008] PCI host bridge to bus 0000:00
[    0.496020] pci_bus 0000:00: root bus resource [io  0x0000-0x0cf7 window]
[    0.500016] pci_bus 0000:00: root bus resource [io  0x0d00-0xffff window]
[    0.504016] pci_bus 0000:00: root bus resource [mem 0x000a0000-0x000bffff window]
[    0.508013] pci_bus 0000:00: root bus resource [mem 0x40000000-0xfdffffff window]
[    0.512017] pci_bus 0000:00: root bus resource [bus 00-ff]
[    0.523889] pci 0000:00:01.1: legacy IDE quirk: reg 0x10: [io  0x01f0-0x01f7]
[    0.524008] pci 0000:00:01.1: legacy IDE quirk: reg 0x14: [io  0x03f6]
[    0.528111] pci 0000:00:01.1: legacy IDE quirk: reg 0x18: [io  0x0170-0x0177]
[    0.532012] pci 0000:00:01.1: legacy IDE quirk: reg 0x1c: [io  0x0376]
[    0.572132] pci 0000:00:07.0: quirk: [io  0x4000-0x403f] claimed by PIIX4 ACPI
[    0.575336] pci 0000:00:07.0: quirk: [io  0x4100-0x410f] claimed by PIIX4 SMB
[    0.600570] ACPI: PCI Interrupt Link [LNKA] (IRQs 5 9 10 *11)
[    0.604781] ACPI: PCI Interrupt Link [LNKB] (IRQs 5 9 *10 11)
[    0.608282] ACPI: PCI Interrupt Link [LNKC] (IRQs 5 *9 10 11)
[    0.611546] ACPI: PCI Interrupt Link [LNKD] (IRQs 5 9 10 *11)
[    0.612645] SCSI subsystem initialized
[    0.616140] pci 0000:00:02.0: vgaarb: setting as boot VGA device
[    0.619823] pci 0000:00:02.0: vgaarb: VGA device added: decodes=io+mem,owns=io+mem,locks=none
[    0.620016] pci 0000:00:02.0: vgaarb: bridge control possible
[    0.624012] vgaarb: loaded
[    0.625637] ACPI: bus type USB registered
[    0.628071] usbcore: registered new interface driver usbfs
[    0.632087] usbcore: registered new interface driver hub
[    0.636041] usbcore: registered new device driver usb
[    0.644000] EDAC MC: Ver: 3.0.0
[    0.672946] PCI: Using ACPI for IRQ routing
[    0.694600] NetLabel: Initializing
[    0.700010] NetLabel:  domain hash size = 128
[    0.704010] NetLabel:  protocols = UNLABELED CIPSOv4 CALIPSO
[    0.716042] NetLabel:  unlabeled traffic allowed by default
[    0.724208] clocksource: Switched to clocksource kvm-clock
[    0.778672] VFS: Disk quotas dquot_6.6.0
[    0.798533] VFS: Dquot-cache hash table entries: 512 (order 0, 4096 bytes)
[    0.819882] AppArmor: AppArmor Filesystem Enabled
[    0.824877] pnp: PnP ACPI init
[    0.973663] pnp: PnP ACPI: found 3 devices
[    1.013324] clocksource: acpi_pm: mask: 0xffffff max_cycles: 0xffffff, max_idle_ns: 2085701024 ns
[    1.024972] NET: Registered protocol family 2
[    1.029976] IP idents hash table entries: 16384 (order: 5, 131072 bytes)
[    1.057399] TCP established hash table entries: 8192 (order: 4, 65536 bytes)
[    1.075470] TCP bind hash table entries: 8192 (order: 5, 131072 bytes)
[    1.091877] TCP: Hash tables configured (established 8192 bind 8192)
[    1.095361] UDP hash table entries: 512 (order: 2, 16384 bytes)
[    1.098898] UDP-Lite hash table entries: 512 (order: 2, 16384 bytes)
[    1.102460] NET: Registered protocol family 1
[    1.105368] pci 0000:00:00.0: Limiting direct PCI/PCI transfers
[    1.110158] pci 0000:00:01.0: Activating ISA DMA hang workarounds
[    1.123997] pci 0000:00:02.0: Video device with shadowed ROM at [mem 0x000c0000-0x000dffff]
[    1.129666] Unpacking initramfs...
[    2.016526] Freeing initrd memory: 19528K
[    2.036756] clocksource: tsc: mask: 0xffffffffffffffff max_cycles: 0x172da94f0e2, max_idle_ns: 440795278248 ns
[    2.041787] platform rtc_cmos: registered platform RTC device (no PNP device found)
[    2.048455] Scanning for low memory corruption every 60 seconds
[    2.053165] Initialise system trusted keyrings
[    2.055279] Key type blacklist registered
[    2.058380] workingset: timestamp_bits=36 max_order=18 bucket_order=0
[    2.063453] zbud: loaded
[    2.065973] squashfs: version 4.0 (2009/01/31) Phillip Lougher
[    2.095467] fuse init (API version 7.26)
[    2.132883] Key type asymmetric registered
[    2.134895] Asymmetric key parser 'x509' registered
[    2.137811] Block layer SCSI generic (bsg) driver version 0.4 loaded (major 246)
[    2.162998] io scheduler noop registered
[    2.164908] io scheduler deadline registered
[    2.168347] io scheduler cfq registered (default)
[    2.171488] ACPI: AC Adapter [AC] (off-line)
[    2.175545] input: Power Button as /devices/LNXSYSTM:00/LNXPWRBN:00/input/input0
[    2.179468] ACPI: Power Button [PWRF]
[    2.181680] input: Sleep Button as /devices/LNXSYSTM:00/LNXSLPBN:00/input/input1
[    2.188385] ACPI: Sleep Button [SLPF]
[    2.195583] ACPI: Battery Slot [BAT0] (battery present)
[    2.199119] Serial: 8250/16550 driver, 32 ports, IRQ sharing enabled
[    2.225115] 00:02: ttyS0 at I/O 0x3f8 (irq = 4, base_baud = 115200) is a 16550A
[    2.257155] Linux agpgart interface v0.103
[    2.261375] loop: module loaded
[    2.264208] scsi host0: ata_piix
[    2.265544] scsi host1: ata_piix
[    2.266820] ata1: PATA max UDMA/33 cmd 0x1f0 ctl 0x3f6 bmdma 0xd000 irq 14
[    2.269183] ata2: PATA max UDMA/33 cmd 0x170 ctl 0x376 bmdma 0xd008 irq 15
[    2.272209] tun: Universal TUN/TAP device driver, 1.6
[    2.274195] PPP generic driver version 2.4.2
[    2.276104] ehci_hcd: USB 2.0 'Enhanced' Host Controller (EHCI) Driver
[    2.279547] ehci-pci: EHCI PCI platform driver
[    2.282296] ehci-platform: EHCI generic platform driver
[    2.285330] ohci_hcd: USB 1.1 'Open' Host Controller (OHCI) Driver
[    2.288469] ohci-pci: OHCI PCI platform driver
[    2.291344] ohci-platform: OHCI generic platform driver
[    2.294083] uhci_hcd: USB Universal Host Controller Interface driver
[    2.297457] i8042: PNP: PS/2 Controller [PNP0303:PS2K,PNP0f03:PS2M] at 0x60,0x64 irq 1,12
[    2.302638] serio: i8042 KBD port at 0x60,0x64 irq 1
[    2.305742] serio: i8042 AUX port at 0x60,0x64 irq 12
[    2.308076] mousedev: PS/2 mouse device common for all mice
[    2.311537] rtc_cmos rtc_cmos: rtc core: registered rtc_cmos as rtc0
[    2.314527] input: AT Translated Set 2 keyboard as /devices/platform/i8042/serio0/input/input2
[    2.318253] rtc_cmos rtc_cmos: alarms up to one day, 114 bytes nvram
[    2.320986] i2c /dev entries driver
[    2.322594] device-mapper: uevent: version 1.0.3
[    2.325141] device-mapper: ioctl: 4.37.0-ioctl (2017-09-20) initialised: dm-devel@redhat.com
[    2.328236] ledtrig-cpu: registered to indicate activity on CPUs
[    2.331613] NET: Registered protocol family 10
[    2.340537] Segment Routing with IPv6
[    2.342479] NET: Registered protocol family 17
[    2.344854] Key type dns_resolver registered
[    2.347794] mce: Using 0 MCE banks
[    2.349701] RAS: Correctable Errors collector initialized.
[    2.353718] sched_clock: Marking stable (2353655355, 0)->(3727798218, -1374142863)
[    2.358314] registered taskstats version 1
[    2.360198] Loading compiled-in X.509 certificates
[    2.365631] Loaded X.509 cert 'Build time autogenerated kernel key: 6303a3b02fa1c7713b8a75ba7ba622fabd5dd271'
[    2.370804] Loaded X.509 cert 'Canonical Ltd. Live Patch Signing: 14df34d1a87cf37625abec039ef2bf521249b969'
[    2.374822] Loaded X.509 cert 'Canonical Ltd. Kernel Module Signing: 88f752e560a1e0737e31163a466ad7b70a850c19'
[    2.378681] blacklist: Loading compiled-in revocation X.509 certificates
[    2.381968] Loaded X.509 cert 'Canonical Ltd. Secure Boot Signing: 61482aa2830d0ab2ad5af10b7250da9033ddcef0'
[    2.398622] zswap: loaded using pool lzo/zbud
[    2.411341] Key type big_key registered
[    2.449221] Key type trusted registered
[    2.494527] Key type encrypted registered
[    2.503548] AppArmor: AppArmor sha1 policy hashing enabled
[    2.506299] ima: No TPM chip found, activating TPM-bypass! (rc=-19)
[    2.509314] ima: Allocated hash algorithm: sha1
[    2.524781] evm: HMAC attrs: 0x1
[    2.526692]   Magic number: 10:433:842
[    2.528862] rtc_cmos rtc_cmos: setting system clock to 2022-10-27 15:49:32 UTC (1666885772)
[    2.536492] BIOS EDD facility v0.16 2004-Jun-25, 0 devices found
[    2.540612] EDD information not available.
[    2.551123] Freeing unused kernel image memory: 2472K
[    2.572561] Write protecting the kernel read-only data: 20480k
[    2.575818] Freeing unused kernel image memory: 2008K
[    2.578821] Freeing unused kernel image memory: 1824K
[    2.598985] x86/mm: Checked W+X mappings: passed, no W+X pages found.
[    2.602419] x86/mm: Checking user space page tables
[    2.615823] x86/mm: Checked W+X mappings: passed, no W+X pages found.
Loading, please wait...
starting version 237
[    2.825319] Fusion MPT base driver 3.04.20
[    2.830283] Copyright (c) 1999-2008 LSI Corporation
[    2.842525] e1000: Intel(R) PRO/1000 Network Driver - version 7.3.21-k8-NAPI
[    2.846009] e1000: Copyright (c) 1999-2006 Intel Corporation.
[    2.864536] AVX2 version of gcm_enc/dec engaged.
[    2.867071] AES CTR mode by8 optimization enabled
[    2.904998] Fusion MPT SPI Host driver 3.04.20
[    3.023129] input: ImExPS/2 Generic Explorer Mouse as /devices/platform/i8042/serio1/input/input4
[    3.519960] e1000 0000:00:03.0 eth0: (PCI:33MHz:32-bit) 02:8e:c5:29:b5:69
[    3.522527] e1000 0000:00:03.0 eth0: Intel(R) PRO/1000 Network Connection
[    3.526172] mptbase: ioc0: Initiating bringup
[    3.620298] ioc0: LSI53C1030 A0: Capabilities={Initiator}
[    3.866176] scsi host2: ioc0: LSI53C1030 A0, FwRev=00000000h, Ports=1, MaxQ=256, IRQ=20
[    4.038552] scsi 2:0:0:0: Direct-Access     VBOX     HARDDISK         1.0  PQ: 0 ANSI: 5
[    4.202921] scsi target2:0:0: Beginning Domain Validation
[    4.213232] scsi target2:0:0: Domain Validation skipping write tests
[    4.216585] scsi target2:0:0: Ending Domain Validation
[    4.227806] scsi target2:0:0: asynchronous
[    4.243288] scsi 2:0:1:0: Direct-Access     VBOX     HARDDISK         1.0  PQ: 0 ANSI: 5
[    4.660269] scsi target2:0:1: Beginning Domain Validation
[    4.667298] scsi target2:0:1: Domain Validation skipping write tests
[    4.670951] scsi target2:0:1: Ending Domain Validation
[    4.674597] scsi target2:0:1: asynchronous
[    4.688910] sd 2:0:0:0: Attached scsi generic sg0 type 0
[    4.695806] sd 2:0:1:0: Attached scsi generic sg1 type 0
[    4.703923] sd 2:0:0:0: [sda] 83886080 512-byte logical blocks: (42.9 GB/40.0 GiB)
[    4.712319] sd 2:0:0:0: [sda] Write Protect is off
[    4.716879] sd 2:0:0:0: [sda] Incomplete mode parameter data
[    4.722492] sd 2:0:0:0: [sda] Assuming drive cache: write through
[    4.738261]  sda: sda1
[    4.742806] sd 2:0:1:0: [sdb] 20480 512-byte logical blocks: (10.5 MB/10.0 MiB)
[    4.747355] sd 2:0:1:0: [sdb] Write Protect is off
[    4.751596] sd 2:0:1:0: [sdb] Incomplete mode parameter data
[    4.755281] sd 2:0:1:0: [sdb] Assuming drive cache: write through
[    4.759443] sd 2:0:0:0: [sda] Attached SCSI disk
[    4.773722] sd 2:0:1:0: [sdb] Attached SCSI disk
[    5.284985] e1000 0000:00:08.0 eth1: (PCI:33MHz:32-bit) 08:00:27:01:8e:ba
[    5.291398] e1000 0000:00:08.0 eth1: Intel(R) PRO/1000 Network Connection
[    5.298810] e1000 0000:00:03.0 enp0s3: renamed from eth0
[    5.329310] e1000 0000:00:08.0 enp0s8: renamed from eth1
Begin: Loading essential drivers ... [    7.724081] raid6: sse2x1   gen()  1484 MB/s
[    7.830823] raid6: sse2x1   xor()  2163 MB/s
[    7.880449] raid6: sse2x2   gen()  1925 MB/s
[    7.952167] raid6: sse2x2   xor()  1972 MB/s
[    8.003716] raid6: sse2x4   gen()   910 MB/s
[    8.061215] raid6: sse2x4   xor()  1521 MB/s
[    8.108253] raid6: avx2x1   gen()  1303 MB/s
[    8.164439] raid6: avx2x1   xor()  2009 MB/s
[    8.220184] raid6: avx2x2   gen()  3062 MB/s
[    8.296243] raid6: avx2x2   xor()  4577 MB/s
[    8.344072] raid6: avx2x4   gen() 11077 MB/s
[    8.402282] raid6: avx2x4   xor()  9453 MB/s
[    8.406956] raid6: using algorithm avx2x4 gen() 11077 MB/s
[    8.410345] raid6: .... xor() 9453 MB/s, rmw enabled
[    8.412797] raid6: using avx2x2 recovery algorithm
[    8.415873] xor: automatically using best checksumming function   avx       
[    8.422967] async_tx: api initialized (async)
done.
Begin: Running /scripts/init-premount ... done.
Begin: Mounting root file system ... Begin: Running /scripts/local-top ... done.
Begin: Running /scripts/local-premount ... [    8.559639] Btrfs loaded, crc32c=crc32c-intel
Scanning for Btrfs filesystems
done.
Warning: fsck not present, so skipping root file system
[    8.617171] EXT4-fs (sda1): mounted filesystem with ordered data mode. Opts: (null)
done.
Begin: Running /scripts/local-bottom ... done.
Begin: Running /scripts/init-bottom ... done.
[    8.916492] ip_tables: (C) 2000-2006 Netfilter Core Team
[    8.939798] systemd[1]: systemd 237 running in system mode. (+PAM +AUDIT +SELINUX +IMA +APPARMOR +SMACK +SYSVINIT +UTMP +LIBCRYPTSETUP +GCRYPT +GNUTLS +ACL +XZ +LZ4 +SECCOMP +BLKID +ELFUTILS +KMOD -IDN2 +IDN -PCRE2 default-hierarchy=hybrid)
[    8.952649] systemd[1]: Detected virtualization oracle.
[    8.955105] systemd[1]: Detected architecture x86-64.

Welcome to [1mUbuntu 18.04.6 LTS[0m!

[    8.971860] systemd[1]: Set hostname to <ubuntu>.
[    8.983779] systemd[1]: Initializing machine ID from random generator.
[    8.987458] systemd[1]: Installed transient /etc/machine-id file.
[    9.447540] systemd[1]: Set up automount Arbitrary Executable File Formats File System Automount Point.
[[0;32m  OK  [0m] Set up automount Arbitrary Executab…rmats File System Automount Point.
[    9.480399] systemd[1]: Reached target Swap.
[[0;32m  OK  [0m] Reached target Swap.
[    9.488268] systemd[1]: Created slice System Slice.
[[0;32m  OK  [0m] Created slice System Slice.
[    9.492587] systemd[1]: Listening on Network Service Netlink Socket.
[[0;32m  OK  [0m] Listening on Network Service Netlink Socket.
[[0;32m  OK  [0m] Listening on Journal Audit Socket.
[[0;32m  OK  [0m] Listening on fsck to fsckd communication Socket.
[[0;32m  OK  [0m] Listening on udev Kernel Socket.
[[0;32m  OK  [0m] Listening on udev Control Socket.
[[0;32m  OK  [0m] Listening on LVM2 metadata daemon socket.
[[0;32m  OK  [0m] Listening on Journal Socket.
         Starting Uncomplicated firewall...
         Starting File System Check on Root Device...
         Mounting POSIX Message Queue File System...
         Starting udev Coldplug all Devices...
         Mounting Huge Pages File System...
[[0;32m  OK  [0m] Listening on Journal Socket (/dev/log).
[[0;32m  OK  [0m] Reached target System Time Synchronized.
         Starting Set the console keyboard layout...
[[0;32m  OK  [0m] Created slice User and Session Slice.
[[0;32m  OK  [0m] Reached target Slices.
         Starting Create list of required st…ce nodes for the current kernel...
[[0;32m  OK  [0m] Started Forward Password Requests to Wall Directory Watch.
         Starting Load Kernel Modules...
         Mounting Kernel Debug File System...
[[0;32m  OK  [0m] Listening on Syslog Socket.
         Starting Journal Service...
[[0;32m  OK  [0m] Created slice system-serial\x2dgetty.slice.
[[0;32m  OK  [0m] Listening on Device-mapper event daemon FIFOs.
         Starting Monitoring of LVM2 mirrors…ng dmeventd or progress polling...
[[0;32m  OK  [0m] Listening on LVM2 poll daemon socket.
[[0;32m  OK  [0m] Listening on /dev/initctl Compatibility Named Pipe.
[[0;32m  OK  [0m] Reached target User and Group Name Lookups.
[[0;32m  OK  [0m] Started Uncomplicated firewall.
[[0;32m  OK  [0m] Started File System Check on Root Device.
[[0;32m  OK  [0m] Mounted POSIX Message Queue File System.
[[0;32m  OK  [0m] Mounted Huge Pages File System.
[[0;32m  OK  [0m] Started Create list of required sta…vice nodes for the current kernel.
[[0;32m  OK  [0m] Started Journal Service.
[[0;32m  OK  [0m] Mounted Kernel Debug File System.
[    9.753510] Loading iSCSI transport class v2.0-870.
[[0;32m  OK  [0m] Started LVM2 metadata daemon.
[[0;32m  OK  [0m] Started File System Check Daemon to report status.
         Starting Create Static Device Nodes in /dev...
         Starting Remount Root and Kernel File Systems...
[[0;32m  OK  [0m] Started udev Coldplug all Devices.
[[0;32m  OK  [0m] Started Create Static Device Nodes in /dev.
[    9.843763] iscsi: registered transport (tcp)
[    9.901133] EXT4-fs (sda1): re-mounted. Opts: (null)
[[0;32m  OK  [0m] Started Remount Root and Kernel File Systems.
[    9.931582] iscsi: registered transport (iser)
         Starting udev Kernel Device Manager...
         Starting Load/Save Random Seed...
         Starting Flush Journal to Persistent Storage...
[[0;32m  OK  [0m] Started Load Kernel Modules.
[[0;32m  OK  [0m] Started Monitoring of LVM2 mirrors,…sing dmeventd or progress polling.
         Starting Apply Kernel Variables...
         Mounting FUSE Control File System...
         Mounting Kernel Configuration File System...
[    9.972347] systemd-journald[408]: Received request to flush runtime journal from PID 1
[[0;32m  OK  [0m] Mounted Kernel Configuration File System.
[[0;32m  OK  [0m] Started Load/Save Random Seed.
[[0;32m  OK  [0m] Mounted FUSE Control File System.
[[0;32m  OK  [0m] Started Set the console keyboard layout.
[[0;32m  OK  [0m] Reached target Local File Systems (Pre).
[[0;32m  OK  [0m] Reached target Local File Systems.
         Starting Tell Plymouth To Write Out Runtime Data...
         Starting ebtables ruleset management...
         Starting AppArmor initialization...
         Starting Set console font and keymap...
         Starting Commit a transient machine-id on disk...
[[0;32m  OK  [0m] Started udev Kernel Device Manager.
[[0;32m  OK  [0m] Started Dispatch Password Requests to Console Directory Watch.
[[0;32m  OK  [0m] Reached target Local Encrypted Volumes.
[[0;32m  OK  [0m] Started Tell Plymouth To Write Out Runtime Data.
[[0;32m  OK  [0m] Started Apply Kernel Variables.
[[0;32m  OK  [0m] Started Set console font and keymap.
[[0;32m  OK  [0m] Started Flush Journal to Persistent Storage.
         Starting Create Volatile Files and Directories...
[[0;32m  OK  [0m] Started Create Volatile Files and Directories.
         Starting Update UTMP about System Boot/Shutdown...
[[0;32m  OK  [0m] Started Commit a transient machine-id on disk.
[[0;32m  OK  [0m] Started Update UTMP about System Boot/Shutdown.
[[0;32m  OK  [0m] Started ebtables ruleset management.
[[0;32m  OK  [0m] Found device /dev/ttyS0.
[[0;32m  OK  [0m] Listening on Load/Save RF Kill Switch Status /dev/rfkill Watch.
[[0;32m  OK  [0m] Started AppArmor initialization.
         Starting Load AppArmor profiles managed internally by snapd...
         Starting Initial cloud-init job (pre-networking)...
[[0;32m  OK  [0m] Started Load AppArmor profiles managed internally by snapd.
[   16.106746] cloud-init[585]: Cloud-init v. 22.2-0ubuntu1~18.04.3 running 'init-local' at Thu, 27 Oct 2022 15:49:44 +0000. Up 14.87 seconds.
[[0;32m  OK  [0m] Started Initial cloud-init job (pre-networking).
[[0;32m  OK  [0m] Reached target Network (Pre).
         Starting Network Service...
[[0;32m  OK  [0m] Started Network Service.
         Starting Wait for Network to be Configured...
         Starting Network Name Resolution...
[[0;32m  OK  [0m] Started Network Name Resolution.
[[0;32m  OK  [0m] Reached target Host and Network Name Lookups.
[[0;32m  OK  [0m] Reached target Network.
[[0;32m  OK  [0m] Started Wait for Network to be Configured.
         Starting Initial cloud-init job (metadata service crawler)...
[   18.896760] cloud-init[683]: Cloud-init v. 22.2-0ubuntu1~18.04.3 running 'init' at Thu, 27 Oct 2022 15:49:48 +0000. Up 18.48 seconds.
[   18.903187] cloud-init[683]: ci-info: ++++++++++++++++++++++++++++++++++++++Net device info+++++++++++++++++++++++++++++++++++++++
[   18.905947] cloud-init[683]: ci-info: +--------+-------+----------------------------+---------------+--------+-------------------+
[   18.909342] cloud-init[683]: ci-info: | Device |   Up  |          Address           |      Mask     | Scope  |     Hw-Address    |
[   18.924516] cloud-init[683]: ci-info: +--------+-------+----------------------------+---------------+--------+-------------------+
[   18.929269] cloud-init[683]: ci-info: | enp0s3 |  True |         10.0.2.15          | 255.255.255.0 | global | 02:8e:c5:29:b5:69 |
[   18.934860] cloud-init[683]: ci-info: | enp0s3 |  True | fe80::8e:c5ff:fe29:b569/64 |       .       |  link  | 02:8e:c5:29:b5:69 |
[   18.939534] cloud-init[683]: ci-info: | enp0s8 | False |             .              |       .       |   .    | 08:00:27:01:8e:ba |
[   18.944799] cloud-init[683]: ci-info: |   lo   |  True |         127.0.0.1          |   255.0.0.0   |  host  |         .         |
[   18.948293] cloud-init[683]: ci-info: |   lo   |  True |          ::1/128           |       .       |  host  |         .         |
[   18.954442] cloud-init[683]: ci-info: +--------+-------+----------------------------+---------------+--------+-------------------+
[   18.960223] cloud-init[683]: ci-info: ++++++++++++++++++++++++++++Route IPv4 info+++++++++++++++++++++++++++++
[   18.964218] cloud-init[683]: ci-info: +-------+-------------+----------+-----------------+-----------+-------+
[   18.969930] cloud-init[683]: ci-info: | Route | Destination | Gateway  |     Genmask     | Interface | Flags |
[   18.985154] cloud-init[683]: ci-info: +-------+-------------+----------+-----------------+-----------+-------+
[   18.989265] cloud-init[683]: ci-info: |   0   |   0.0.0.0   | 10.0.2.2 |     0.0.0.0     |   enp0s3  |   UG  |
[   18.993289] cloud-init[683]: ci-info: |   1   |   10.0.2.0  | 0.0.0.0  |  255.255.255.0  |   enp0s3  |   U   |
[   18.997019] cloud-init[683]: ci-info: |   2   |   10.0.2.2  | 0.0.0.0  | 255.255.255.255 |   enp0s3  |   UH  |
[   19.002720] cloud-init[683]: ci-info: +-------+-------------+----------+-----------------+-----------+-------+
[   19.010275] cloud-init[683]: ci-info: +++++++++++++++++++Route IPv6 info+++++++++++++++++++
[   19.012303] cloud-init[683]: ci-info: +-------+-------------+---------+-----------+-------+
[   19.014037] cloud-init[683]: ci-info: | Route | Destination | Gateway | Interface | Flags |
[   19.017804] cloud-init[683]: ci-info: +-------+-------------+---------+-----------+-------+
[   19.021916] cloud-init[683]: ci-info: |   1   |  fe80::/64  |    ::   |   enp0s3  |   U   |
[   19.029224] cloud-init[683]: ci-info: |   3   |    local    |    ::   |   enp0s3  |   U   |
[   19.054279] cloud-init[683]: ci-info: |   4   |   ff00::/8  |    ::   |   enp0s3  |   U   |
[   19.060341] cloud-init[683]: ci-info: +-------+-------------+---------+-----------+-------+
[   20.143471] cloud-init[683]: Generating public/private rsa key pair.
[   20.146002] cloud-init[683]: Your identification has been saved in /etc/ssh/ssh_host_rsa_key.
[   20.150369] cloud-init[683]: Your public key has been saved in /etc/ssh/ssh_host_rsa_key.pub.
[   20.154053] cloud-init[683]: The key fingerprint is:
[   20.155428] cloud-init[683]: SHA256:rst8l6BPL1nuBIcpNTImvkELBn3f/o31MToBTDd7yP8 root@ubuntu-bionic
[   20.157724] cloud-init[683]: The key's randomart image is:
[   20.159195] cloud-init[683]: +---[RSA 2048]----+
[   20.160538] cloud-init[683]: |..               |
[   20.162487] cloud-init[683]: | .. .     . o    |
[   20.163469] cloud-init[683]: |  o.o.+.oo o +   |
[   20.164852] cloud-init[683]: | . + +.+.+o + .  |
[   20.166856] cloud-init[683]: |    + ..S .. o   |
[   20.168832] cloud-init[683]: |     o ooo. o +  |
[   20.169953] cloud-init[683]: |    .  .o*.= + + |
[   20.171297] cloud-init[683]: |     o.o+o* + . E|
[   20.172965] cloud-init[683]: |      =+.+o  .   |
[   20.174287] cloud-init[683]: +----[SHA256]-----+
[   20.175569] cloud-init[683]: Generating public/private dsa key pair.
[   20.177605] cloud-init[683]: Your identification has been saved in /etc/ssh/ssh_host_dsa_key.
[   20.180721] cloud-init[683]: Your public key has been saved in /etc/ssh/ssh_host_dsa_key.pub.
[   20.184231] cloud-init[683]: The key fingerprint is:
[   20.186423] cloud-init[683]: SHA256:RLczs2FOCszGszDHmW04VpI0394RrULSb2XIxlX7rU8 root@ubuntu-bionic
[   20.189666] cloud-init[683]: The key's randomart image is:
[   20.191868] cloud-init[683]: +---[DSA 1024]----+
[   20.194304] cloud-init[683]: |     .+.o..o.+...|
[   20.197806] cloud-init[683]: |     =.@.oo.=.+ .|
[   20.203468] cloud-init[683]: |    o / =oXo.+ . |
[   20.205535] cloud-init[683]: |     * B *.B+.  o|
[   20.207515] cloud-init[683]: |      . S +o.   o|
[   20.209734] cloud-init[683]: |               . |
[   20.211659] cloud-init[683]: |              . E|
[   20.213646] cloud-init[683]: |               o |
[   20.215669] cloud-init[683]: |                .|
[   20.218268] cloud-init[683]: +----[SHA256]-----+
[   20.220038] cloud-init[683]: Generating public/private ecdsa key pair.
[   20.222166] cloud-init[683]: Your identification has been saved in /etc/ssh/ssh_host_ecdsa_key.
[   20.224382] cloud-init[683]: Your public key has been saved in /etc/ssh/ssh_host_ecdsa_key.pub.
[   20.226834] cloud-init[683]: The key fingerprint is:
[   20.229208] cloud-init[683]: SHA256:ePqlo0RGxNwZkYYYRXFopfiB91e3sHr9GAIfVpSDJjg root@ubuntu-bionic
[   20.233525] cloud-init[683]: The key's randomart image is:
[[0;32m  OK  [0m] Started Initial cloud-init job (metadata service crawler).
[[0;32m  OK  [0m] Reached target Network is Online.
[   20.240474] cloud-init[683]: +---[ECDSA 256]---+
[   20.246770] cloud-init[683]: |    .B=*=*   ... |
[[0;32m  OK  [0m[   20.252521] cloud-init[683]: |    .+*oE . o.o  |
[   20.252870] cloud-init[683]: |    o.=. . oo o. |
[   20.254441] cloud-init[683]: |     + +   . = . |
[   20.257397] cloud-init[683]: |      = S o + .  |
[   20.257915] cloud-init[683]: |     o o . = o   |
[   20.258005] cloud-init[683]: |      o   o + o  |
[   20.259522] cloud-init[683]: |     . ..o . . + |
[   20.261491] cloud-init[683]: |      ..o.    . .|
[   20.263634] cloud-init[683]: +----[SHA256]-----+
[   20.265489] cloud-init[683]: Generating public/private ed25519 key pair.
[   20.266752] cloud-init[683]: Your identification has been saved in /etc/ssh/ssh_host_ed25519_key.
[   20.269113] cloud-init[683]: Your public key has been saved in /etc/ssh/ssh_host_ed25519_key.pub.
[   20.270488] cloud-init[683]: The key fingerprint is:
[   20.271426] cloud-init[683]: SHA256:GmvZLBIQ9oH4Y4Q/vEAQULUi70fJuVRpcJSylr8x5mY root@ubuntu-bionic
[   20.273458] cloud-init[683]: The key's randomart image is:
[   20.273865] cloud-init[683]: +--[ED25519 256]--+
[   20.275052] cloud-init[683]: |*=+o+.o.         |
[   20.276518] cloud-init[683]: |oooo.=..         |
] Reached target Remote File Systems (Pre).
[[0;32m  OK  [0m[   20.278250] cloud-init[683]: |o=o o++          |
[   20.286654] cloud-init[683]: |.oB++=           |
[   20.286880] cloud-init[683]: | o.=B.. S        |
] Reached target Remote File Systems.
[   20.286985] cloud-init[683]: | ..o o=B         |
[   20.296380] cloud-init[683]: |  . +o*+o        |
[   20.299020] cloud-init[683]: |   . oE.         |
         Starting Availability of block devices...
[   20.302845] cloud-init[683]: |     o           |
[   20.304737] cloud-init[683]: +----[SHA256]-----+
[[0;32m  OK  [0m] Reached target Cloud-config availability.
[[0;32m  OK  [0m] Reached target System Initialization.
[[0;32m  OK  [0m] Listening on Open-iSCSI iscsid Socket.
[[0;32m  OK  [0m] Started Discard unused blocks once a week.
         Starting Socket activation for snappy daemon.
[[0;32m  OK  [0m] Started Ubuntu Advantage Timer for running repeated jobs.
[[0;32m  OK  [0m] Started ACPI Events Check.
[[0;32m  OK  [0m] Started Message of the Day.
[[0;32m  OK  [0m] Listening on D-Bus System Message Bus Socket.
[[0;32m  OK  [0m] Reached target Paths.
[[0;32m  OK  [0m] Listening on ACPID Listen Socket.
[[0;32m  OK  [0m] Started Daily Cleanup of Temporary Directories.
[[0;32m  OK  [0m] Listening on cloud-init hotplug hook socket.
         Starting LXD - unix socket.
[[0;32m  OK  [0m] Listening on UUID daemon activation socket.
[[0;32m  OK  [0m] Started Daily apt download activities.
[[0;32m  OK  [0m] Started Daily apt upgrade and clean activities.
[[0;32m  OK  [0m] Reached target Timers.
[[0;32m  OK  [0m] Started Availability of block devices.
[[0;32m  OK  [0m] Listening on Socket activation for snappy daemon.
[[0;32m  OK  [0m] Listening on LXD - unix socket.
[[0;32m  OK  [0m] Reached target Sockets.
[[0;32m  OK  [0m] Reached target Basic System.
         Starting Login Service...
         Starting LSB: automatic crash report generation...
         Starting System Logging Service...
[[0;32m  OK  [0m] Started D-Bus System Message Bus.
[[0;32m  OK  [0m] Started Regular background program processing daemon.
         Starting LXD - container startup/shutdown...
         Starting Dispatcher daemon for systemd-networkd...
         Starting Virtualbox guest utils...
         Starting LSB: Record successful boot for GRUB...
         Starting Permit User Sessions...
[[0;32m  OK  [0m] Started FUSE filesystem for LXC.
[[0;32m  OK  [0m] Started irqbalance daemon.
         Starting Accounts Service...
[[0;32m  OK  [0m] Started Deferred execution scheduler.
         Starting Pollinate to seed the pseudo random number generator...
         Starting Snap Daemon...
[[0;32m  OK  [0m] Started System Logging Service.
[[0;32m  OK  [0m] Started Permit User Sessions.
[[0;32m  OK  [0m] Started Login Service.
[[0;32m  OK  [0m] Started Unattended Upgrades Shutdown.
         Starting Terminate Plymouth Boot Screen...
         Starting Hold until boot process finishes up...
[[0;32m  OK  [0m] Started Hold until boot process finishes up.
[[0;32m  OK  [0m] Started Serial Getty on ttyS0.
         Starting Set console scheme...
[[0;32m  OK  [0m] Started Terminate Plymouth Boot Screen.
[[0;32m  OK  [0m] Started Set console scheme.
[[0;32m  OK  [0m] Created slice system-getty.slice.
[[0;32m  OK  [0m] Started Getty on tty1.
[[0;32m  OK  [0m] Reached target Login Prompts.
         Starting Authorization Manager...
[[0;32m  OK  [0m] Started LSB: automatic crash report generation.
[[0;32m  OK  [0m] Started Authorization Manager.
[[0;32m  OK  [0m] Started Accounts Service.
[[0;32m  OK  [0m] Started LSB: Record successful boot for GRUB.
[[0;32m  OK  [0m] Started Virtualbox guest utils.
[[0;32m  OK  [0m] Started LXD - container startup/shutdown.
[[0;32m  OK  [0m] Started Dispatcher daemon for systemd-networkd.
[[0;32m  OK  [0m] Started Snap Daemon.
         Starting Wait until snapd is fully seeded...
         Starting Time & Date Service...
[[0;32m  OK  [0m] Started Time & Date Service.
[[0;32m  OK  [0m] Started Pollinate to seed the pseudo random number generator.
         Starting OpenBSD Secure Shell server...
[[0;32m  OK  [0m] Started OpenBSD Secure Shell server.
[[0;32m  OK  [0m] Created slice User Slice of vagrant.
         Starting User Manager for UID 1000...
[[0;32m  OK  [0m] Started Session 1 of user vagrant.
[[0;32m  OK  [0m] Started User Manager for UID 1000.

Ubuntu 18.04.6 LTS ubuntu-bionic ttyS0

ubuntu-bionic login: [   30.504563] cloud-init[1211]: Cloud-init v. 22.2-0ubuntu1~18.04.3 running 'modules:config' at Thu, 27 Oct 2022 15:49:58 +0000. Up 28.09 seconds.
ci-info: no authorized SSH keys fingerprints found for user ubuntu.
<14>Oct 27 15:50:03 cloud-init: #############################################################
<14>Oct 27 15:50:03 cloud-init: -----BEGIN SSH HOST KEY FINGERPRINTS-----
<14>Oct 27 15:50:03 cloud-init: 1024 SHA256:RLczs2FOCszGszDHmW04VpI0394RrULSb2XIxlX7rU8 root@ubuntu-bionic (DSA)
<14>Oct 27 15:50:03 cloud-init: 256 SHA256:ePqlo0RGxNwZkYYYRXFopfiB91e3sHr9GAIfVpSDJjg root@ubuntu-bionic (ECDSA)
<14>Oct 27 15:50:03 cloud-init: 256 SHA256:GmvZLBIQ9oH4Y4Q/vEAQULUi70fJuVRpcJSylr8x5mY root@ubuntu-bionic (ED25519)
<14>Oct 27 15:50:03 cloud-init: 2048 SHA256:rst8l6BPL1nuBIcpNTImvkELBn3f/o31MToBTDd7yP8 root@ubuntu-bionic (RSA)
<14>Oct 27 15:50:03 cloud-init: -----END SSH HOST KEY FINGERPRINTS-----
<14>Oct 27 15:50:03 cloud-init: #############################################################
-----BEGIN SSH HOST KEY KEYS-----
ecdsa-sha2-nistp256 AAAAE2VjZHNhLXNoYTItbmlzdHAyNTYAAAAIbmlzdHAyNTYAAABBBCyqu4aVjFDKEc4vxpjcm6hv+6Gvj6UicZERMfnaA9XILNyLqbcSgCKN2dNYlMgnQkoU0rXgfu7lpHvJMuc3Sqc= root@ubuntu-bionic
ssh-ed25519 AAAAC3NzaC1lZDI1NTE5AAAAIBt3//tOtG95R+Ncs79VYQP9pOSvHq7s/sR2fUVKr9/9 root@ubuntu-bionic
ssh-rsa AAAAB3NzaC1yc2EAAAADAQABAAABAQDhmj7wpLoojSu7RUTbkzEtiW0SkB8xD4i9A857bRlDz04OjivUINkz6n39xCoD38rKqv/T9Cm7VOKpSeoNLAQ+aFrkX5IbinWZE2Nv5MDbhWbNdVt07H5MDFqbswymAWPGJFw+vTdDkLPpFyrT47dUpW5NZv3CfuEP3gWimjidgGZSVmUu6nFWzEzXZP5ipGcm0ZOk63LsRZNRz2ShwUlRQvVRoye7PGFxBljdB0mL+nnCEENdfWOC1MX3Use8dhXABntZZP9Pw8HdaoKeTIQt9FXZ7QkqEYbpF2S4KX9sxzJcB91AF/vV31pibi6kWjIHgCpiUqceiopoo8PypDo7 root@ubuntu-bionic
-----END SSH HOST KEY KEYS-----
[   34.117049] cloud-init[1341]: Cloud-init v. 22.2-0ubuntu1~18.04.3 running 'modules:final' at Thu, 27 Oct 2022 15:50:02 +0000. Up 32.91 seconds.
[   34.118138] cloud-init[1341]: Cloud-init v. 22.2-0ubuntu1~18.04.3 finished at Thu, 27 Oct 2022 15:50:03 +0000. Datasource DataSourceNoCloud [seed=/dev/sdb][dsmode=net].  Up 34.03 seconds
